[2023-04-22 19:44:14] - INFO - Registering producer .. , id: 0
[2023-04-22 19:44:14] - INFO - Producer 0 published Coffee(name='Brasil', price=7, acidity=5.09, roast_level='MEDIUM')
[2023-04-22 19:44:14] - INFO - Registering producer .. , id: 1
[2023-04-22 19:44:14] - INFO - Producer 1 published Tea(name='Wild Cherry', price=4, type='Black')
[2023-04-22 19:44:14] - INFO - Registering producer .. , id: 2
[2023-04-22 19:44:14] - INFO - Producer 2 published Tea(name='Cactus fig', price=3, type='Green')
[2023-04-22 19:44:14] - INFO - Registering producer .. , id: 3
[2023-04-22 19:44:14] - INFO - Producer 3 published Coffee(name='Indonezia', price=1, acidity=5.05, roast_level='MEDIUM')
[2023-04-22 19:44:14] - INFO - Registering producer .. , id: 4
[2023-04-22 19:44:14] - INFO - Created new cart with id: 0
[2023-04-22 19:44:14] - INFO - Producer 4 published Coffee(name='Ethiopia', price=10, acidity=5.09, roast_level='MEDIUM')
[2023-04-22 19:44:14] - INFO - Succesfully added a new product to the cart 0: Tea(name='Cactus fig', price=3, type='Green')
[2023-04-22 19:44:14] - INFO - Created new cart with id: 1
[2023-04-22 19:44:14] - INFO - Succesfully removed a product from producer 2: Tea(name='Cactus fig', price=3, type='Green')
[2023-04-22 19:44:14] - INFO - Created new cart with id: 2
[2023-04-22 19:44:14] - INFO - Created new cart with id: 3
[2023-04-22 19:44:14] - INFO - Succesfully added a new product to the cart 3: Coffee(name='Brasil', price=7, acidity=5.09, roast_level='MEDIUM')
[2023-04-22 19:44:14] - INFO - Succesfully removed a product from producer 0: Coffee(name='Brasil', price=7, acidity=5.09, roast_level='MEDIUM')
[2023-04-22 19:44:14] - INFO - Created new cart with id: 4
[2023-04-22 19:44:14] - INFO - Succesfully added a new product to the cart 4: Coffee(name='Indonezia', price=1, acidity=5.05, roast_level='MEDIUM')
[2023-04-22 19:44:14] - INFO - Created new cart with id: 5
[2023-04-22 19:44:14] - INFO - Succesfully removed a product from producer 3: Coffee(name='Indonezia', price=1, acidity=5.05, roast_level='MEDIUM')
[2023-04-22 19:44:14] - INFO - Succesfully added a new product to the cart 5: Tea(name='Wild Cherry', price=4, type='Black')
[2023-04-22 19:44:14] - INFO - Succesfully removed a product from producer 1: Tea(name='Wild Cherry', price=4, type='Black')
[2023-04-22 19:44:14] - INFO - Created new cart with id: 6
[2023-04-22 19:44:14] - INFO - Created new cart with id: 7
[2023-04-22 19:44:14] - INFO - Created new cart with id: 8
[2023-04-22 19:44:14] - INFO - Succesfully added a new product to the cart 8: Coffee(name='Ethiopia', price=10, acidity=5.09, roast_level='MEDIUM')
[2023-04-22 19:44:14] - INFO - Created new cart with id: 9
[2023-04-22 19:44:14] - INFO - Succesfully removed a product from producer 4: Coffee(name='Ethiopia', price=10, acidity=5.09, roast_level='MEDIUM')
[2023-04-22 19:44:14] - INFO - Producer 3 published Coffee(name='Indonezia', price=1, acidity=5.05, roast_level='MEDIUM')
[2023-04-22 19:44:14] - INFO - Succesfully added a new product to the cart 7: Coffee(name='Indonezia', price=1, acidity=5.05, roast_level='MEDIUM')
[2023-04-22 19:44:14] - INFO - Succesfully removed a product from producer 3: Coffee(name='Indonezia', price=1, acidity=5.05, roast_level='MEDIUM')
[2023-04-22 19:44:14] - INFO - Producer 2 published Tea(name='Cactus fig', price=3, type='Green')
[2023-04-22 19:44:14] - INFO - Producer 1 published Tea(name='Wild Cherry', price=4, type='Black')
[2023-04-22 19:44:14] - INFO - Succesfully added a new product to the cart 5: Tea(name='Wild Cherry', price=4, type='Black')
[2023-04-22 19:44:14] - INFO - Succesfully removed a product from producer 1: Tea(name='Wild Cherry', price=4, type='Black')
[2023-04-22 19:44:14] - INFO - Producer 3 published Coffee(name='Indonezia', price=1, acidity=5.05, roast_level='MEDIUM')
[2023-04-22 19:44:14] - INFO - Succesfully added a new product to the cart 9: Tea(name='Cactus fig', price=3, type='Green')
[2023-04-22 19:44:14] - INFO - Succesfully removed a product from producer 2: Tea(name='Cactus fig', price=3, type='Green')
[2023-04-22 19:44:14] - INFO - Producer 0 published Coffee(name='Brasil', price=7, acidity=5.09, roast_level='MEDIUM')
[2023-04-22 19:44:14] - INFO - Producer 2 published Coffee(name='Brasil', price=7, acidity=5.09, roast_level='MEDIUM')
[2023-04-22 19:44:14] - INFO - Producer 4 published Coffee(name='Ethiopia', price=10, acidity=5.09, roast_level='MEDIUM')
[2023-04-22 19:44:14] - INFO - Succesfully added a new product to the cart 3: Coffee(name='Brasil', price=7, acidity=5.09, roast_level='MEDIUM')
[2023-04-22 19:44:14] - INFO - Succesfully removed a product from producer 0: Coffee(name='Brasil', price=7, acidity=5.09, roast_level='MEDIUM')
[2023-04-22 19:44:14] - INFO - Succesfully added a new product to the cart 3: Coffee(name='Brasil', price=7, acidity=5.09, roast_level='MEDIUM')
[2023-04-22 19:44:14] - INFO - Succesfully removed a product from producer 2: Coffee(name='Brasil', price=7, acidity=5.09, roast_level='MEDIUM')
[2023-04-22 19:44:14] - INFO - Succesfully added a new product to the cart 8: Coffee(name='Ethiopia', price=10, acidity=5.09, roast_level='MEDIUM')
[2023-04-22 19:44:14] - INFO - Succesfully removed a product from producer 4: Coffee(name='Ethiopia', price=10, acidity=5.09, roast_level='MEDIUM')
[2023-04-22 19:44:14] - INFO - The order placed [Coffee(name='Ethiopia', price=10, acidity=5.09, roast_level='MEDIUM'), Coffee(name='Ethiopia', price=10, acidity=5.09, roast_level='MEDIUM')] from cart with id: 8
[2023-04-22 19:44:14] - INFO - Created new cart with id: 10
[2023-04-22 19:44:14] - INFO - Producer 3 published Tea(name='Wild Cherry', price=4, type='Black')
[2023-04-22 19:44:14] - INFO - Producer 1 published Tea(name='Wild Cherry', price=4, type='Black')
[2023-04-22 19:44:14] - INFO - Succesfully added a new product to the cart 4: Coffee(name='Indonezia', price=1, acidity=5.05, roast_level='MEDIUM')
[2023-04-22 19:44:14] - INFO - Succesfully removed a product from producer 3: Coffee(name='Indonezia', price=1, acidity=5.05, roast_level='MEDIUM')
[2023-04-22 19:44:14] - INFO - Producer 2 published Coffee(name='Brasil', price=7, acidity=5.09, roast_level='MEDIUM')
[2023-04-22 19:44:14] - INFO - Succesfully added a new product to the cart 3: Coffee(name='Brasil', price=7, acidity=5.09, roast_level='MEDIUM')
[2023-04-22 19:44:14] - INFO - Succesfully removed a product from producer 2: Coffee(name='Brasil', price=7, acidity=5.09, roast_level='MEDIUM')
[2023-04-22 19:44:14] - INFO - Succesfully added a new product to the cart 5: Tea(name='Wild Cherry', price=4, type='Black')
[2023-04-22 19:44:14] - INFO - Succesfully removed a product from producer 1: Tea(name='Wild Cherry', price=4, type='Black')
[2023-04-22 19:44:14] - INFO - Succesfully added a new product to the cart 5: Tea(name='Wild Cherry', price=4, type='Black')
[2023-04-22 19:44:14] - INFO - Succesfully removed a product from producer 3: Tea(name='Wild Cherry', price=4, type='Black')
[2023-04-22 19:44:14] - INFO - Succesfully removed product Tea(name='Wild Cherry', price=4, type='Black') from cart 5
[2023-04-22 19:44:14] - INFO - Succesfully removed product Tea(name='Wild Cherry', price=4, type='Black') from cart 5
[2023-04-22 19:44:14] - INFO - Succesfully removed product Tea(name='Wild Cherry', price=4, type='Black') from cart 5
[2023-04-22 19:44:14] - INFO - Succesfully removed product Tea(name='Wild Cherry', price=4, type='Black') from cart 5
[2023-04-22 19:44:14] - INFO - The order placed [] from cart with id: 5
[2023-04-22 19:44:14] - INFO - Created new cart with id: 11
[2023-04-22 19:44:14] - INFO - Producer 3 published Coffee(name='Indonezia', price=1, acidity=5.05, roast_level='MEDIUM')
[2023-04-22 19:44:14] - INFO - Producer 2 published Coffee(name='Brasil', price=7, acidity=5.09, roast_level='MEDIUM')
[2023-04-22 19:44:14] - INFO - Succesfully added a new product to the cart 6: Tea(name='Wild Cherry', price=4, type='Black')
[2023-04-22 19:44:14] - INFO - Succesfully added a new product to the cart 3: Coffee(name='Brasil', price=7, acidity=5.09, roast_level='MEDIUM')
[2023-04-22 19:44:14] - INFO - Succesfully removed a product from producer 1: Tea(name='Wild Cherry', price=4, type='Black')
[2023-04-22 19:44:14] - INFO - Succesfully removed a product from producer 2: Coffee(name='Brasil', price=7, acidity=5.09, roast_level='MEDIUM')
[2023-04-22 19:44:14] - INFO - Succesfully added a new product to the cart 6: Tea(name='Wild Cherry', price=4, type='Black')
[2023-04-22 19:44:14] - INFO - Succesfully added a new product to the cart 3: Coffee(name='Indonezia', price=1, acidity=5.05, roast_level='MEDIUM')
[2023-04-22 19:44:14] - INFO - Succesfully removed a product from producer 1: Tea(name='Wild Cherry', price=4, type='Black')
[2023-04-22 19:44:14] - INFO - Succesfully removed a product from producer 3: Coffee(name='Indonezia', price=1, acidity=5.05, roast_level='MEDIUM')
[2023-04-22 19:44:14] - INFO - Succesfully added a new product to the cart 6: Tea(name='Wild Cherry', price=4, type='Black')
[2023-04-22 19:44:14] - INFO - Succesfully removed a product from producer 1: Tea(name='Wild Cherry', price=4, type='Black')
[2023-04-22 19:44:14] - INFO - Succesfully added a new product to the cart 6: Tea(name='Wild Cherry', price=4, type='Black')
[2023-04-22 19:44:14] - INFO - Succesfully removed a product from producer 1: Tea(name='Wild Cherry', price=4, type='Black')
[2023-04-22 19:44:14] - INFO - Producer 1 published Tea(name='Wild Cherry', price=4, type='Black')
[2023-04-22 19:44:14] - INFO - Producer 3 published Coffee(name='Indonezia', price=1, acidity=5.05, roast_level='MEDIUM')
[2023-04-22 19:44:14] - INFO - Succesfully added a new product to the cart 4: Coffee(name='Indonezia', price=1, acidity=5.05, roast_level='MEDIUM')
[2023-04-22 19:44:14] - INFO - Succesfully removed a product from producer 3: Coffee(name='Indonezia', price=1, acidity=5.05, roast_level='MEDIUM')
[2023-04-22 19:44:14] - INFO - Producer 0 published Coffee(name='Indonezia', price=1, acidity=5.05, roast_level='MEDIUM')
[2023-04-22 19:44:14] - INFO - Producer 4 published Coffee(name='Ethiopia', price=10, acidity=5.09, roast_level='MEDIUM')
[2023-04-22 19:44:14] - INFO - Succesfully added a new product to the cart 3: Coffee(name='Indonezia', price=1, acidity=5.05, roast_level='MEDIUM')
[2023-04-22 19:44:14] - INFO - Succesfully removed a product from producer 0: Coffee(name='Indonezia', price=1, acidity=5.05, roast_level='MEDIUM')
[2023-04-22 19:44:14] - INFO - Succesfully added a new product to the cart 10: Coffee(name='Ethiopia', price=10, acidity=5.09, roast_level='MEDIUM')
[2023-04-22 19:44:14] - INFO - Succesfully removed a product from producer 4: Coffee(name='Ethiopia', price=10, acidity=5.09, roast_level='MEDIUM')
[2023-04-22 19:44:14] - INFO - Producer 2 published Coffee(name='Ethiopia', price=10, acidity=5.09, roast_level='MEDIUM')
[2023-04-22 19:44:14] - INFO - Succesfully added a new product to the cart 10: Coffee(name='Ethiopia', price=10, acidity=5.09, roast_level='MEDIUM')
[2023-04-22 19:44:14] - INFO - Succesfully removed a product from producer 2: Coffee(name='Ethiopia', price=10, acidity=5.09, roast_level='MEDIUM')
[2023-04-22 19:44:14] - INFO - Succesfully added a new product to the cart 10: Tea(name='Wild Cherry', price=4, type='Black')
[2023-04-22 19:44:14] - INFO - Succesfully removed a product from producer 1: Tea(name='Wild Cherry', price=4, type='Black')
[2023-04-22 19:44:14] - INFO - Producer 3 published Coffee(name='Indonezia', price=1, acidity=5.05, roast_level='MEDIUM')
[2023-04-22 19:44:14] - INFO - Succesfully added a new product to the cart 3: Coffee(name='Indonezia', price=1, acidity=5.05, roast_level='MEDIUM')
[2023-04-22 19:44:14] - INFO - Succesfully removed a product from producer 3: Coffee(name='Indonezia', price=1, acidity=5.05, roast_level='MEDIUM')
[2023-04-22 19:44:14] - INFO - Producer 2 published Coffee(name='Ethiopia', price=10, acidity=5.09, roast_level='MEDIUM')
[2023-04-22 19:44:14] - INFO - Succesfully added a new product to the cart 7: Coffee(name='Ethiopia', price=10, acidity=5.09, roast_level='MEDIUM')
[2023-04-22 19:44:14] - INFO - Succesfully removed a product from producer 2: Coffee(name='Ethiopia', price=10, acidity=5.09, roast_level='MEDIUM')
[2023-04-22 19:44:15] - INFO - Producer 1 published Tea(name='Wild Cherry', price=4, type='Black')
[2023-04-22 19:44:15] - INFO - Succesfully added a new product to the cart 10: Tea(name='Wild Cherry', price=4, type='Black')
[2023-04-22 19:44:15] - INFO - Succesfully removed a product from producer 1: Tea(name='Wild Cherry', price=4, type='Black')
[2023-04-22 19:44:15] - INFO - Producer 3 published Tea(name='Wild Cherry', price=4, type='Black')
[2023-04-22 19:44:15] - INFO - Succesfully added a new product to the cart 10: Tea(name='Wild Cherry', price=4, type='Black')
[2023-04-22 19:44:15] - INFO - Succesfully removed a product from producer 3: Tea(name='Wild Cherry', price=4, type='Black')
[2023-04-22 19:44:15] - INFO - Producer 2 published Coffee(name='Ethiopia', price=10, acidity=5.09, roast_level='MEDIUM')
[2023-04-22 19:44:15] - INFO - Succesfully added a new product to the cart 7: Coffee(name='Ethiopia', price=10, acidity=5.09, roast_level='MEDIUM')
[2023-04-22 19:44:15] - INFO - Succesfully removed a product from producer 2: Coffee(name='Ethiopia', price=10, acidity=5.09, roast_level='MEDIUM')
[2023-04-22 19:44:15] - INFO - Producer 0 published Coffee(name='Indonezia', price=1, acidity=5.05, roast_level='MEDIUM')
[2023-04-22 19:44:15] - INFO - Producer 4 published Tea(name='Cactus fig', price=3, type='Green')
[2023-04-22 19:44:15] - INFO - Producer 3 published Coffee(name='Indonezia', price=1, acidity=5.05, roast_level='MEDIUM')
[2023-04-22 19:44:15] - INFO - Succesfully added a new product to the cart 3: Coffee(name='Indonezia', price=1, acidity=5.05, roast_level='MEDIUM')
[2023-04-22 19:44:15] - INFO - Succesfully removed a product from producer 0: Coffee(name='Indonezia', price=1, acidity=5.05, roast_level='MEDIUM')
[2023-04-22 19:44:15] - INFO - The order placed [Coffee(name='Brasil', price=7, acidity=5.09, roast_level='MEDIUM'), Coffee(name='Brasil', price=7, acidity=5.09, roast_level='MEDIUM'), Coffee(name='Brasil', price=7, acidity=5.09, roast_level='MEDIUM'), Coffee(name='Brasil', price=7, acidity=5.09, roast_level='MEDIUM'), Coffee(name='Brasil', price=7, acidity=5.09, roast_level='MEDIUM'), Coffee(name='Indonezia', price=1, acidity=5.05, roast_level='MEDIUM'), Coffee(name='Indonezia', price=1, acidity=5.05, roast_level='MEDIUM'), Coffee(name='Indonezia', price=1, acidity=5.05, roast_level='MEDIUM'), Coffee(name='Indonezia', price=1, acidity=5.05, roast_level='MEDIUM')] from cart with id: 3
[2023-04-22 19:44:15] - INFO - Created new cart with id: 12
[2023-04-22 19:44:15] - INFO - Succesfully added a new product to the cart 10: Tea(name='Cactus fig', price=3, type='Green')
[2023-04-22 19:44:15] - INFO - Succesfully removed a product from producer 4: Tea(name='Cactus fig', price=3, type='Green')
[2023-04-22 19:44:15] - INFO - Succesfully removed product Coffee(name='Ethiopia', price=10, acidity=5.09, roast_level='MEDIUM') from cart 10
[2023-04-22 19:44:15] - INFO - The order placed [Coffee(name='Ethiopia', price=10, acidity=5.09, roast_level='MEDIUM'), Tea(name='Wild Cherry', price=4, type='Black'), Tea(name='Wild Cherry', price=4, type='Black'), Tea(name='Wild Cherry', price=4, type='Black'), Tea(name='Cactus fig', price=3, type='Green')] from cart with id: 10
[2023-04-22 19:44:15] - INFO - Created new cart with id: 13
[2023-04-22 19:44:15] - INFO - Producer 1 published Tea(name='Wild Cherry', price=4, type='Black')
[2023-04-22 19:44:15] - INFO - Succesfully added a new product to the cart 7: Coffee(name='Ethiopia', price=10, acidity=5.09, roast_level='MEDIUM')
[2023-04-22 19:44:15] - INFO - Succesfully removed a product from producer 2: Coffee(name='Ethiopia', price=10, acidity=5.09, roast_level='MEDIUM')
[2023-04-22 19:44:15] - INFO - Succesfully added a new product to the cart 12: Tea(name='Wild Cherry', price=4, type='Black')
[2023-04-22 19:44:15] - INFO - Succesfully removed a product from producer 1: Tea(name='Wild Cherry', price=4, type='Black')
[2023-04-22 19:44:15] - INFO - Succesfully added a new product to the cart 4: Coffee(name='Indonezia', price=1, acidity=5.05, roast_level='MEDIUM')
[2023-04-22 19:44:15] - INFO - Succesfully removed a product from producer 3: Coffee(name='Indonezia', price=1, acidity=5.05, roast_level='MEDIUM')
[2023-04-22 19:44:15] - INFO - Producer 2 published Tea(name='Cactus fig', price=3, type='Green')
[2023-04-22 19:44:15] - INFO - Succesfully added a new product to the cart 2: Tea(name='Cactus fig', price=3, type='Green')
[2023-04-22 19:44:15] - INFO - Succesfully removed a product from producer 2: Tea(name='Cactus fig', price=3, type='Green')
[2023-04-22 19:44:15] - INFO - The order placed [Tea(name='Cactus fig', price=3, type='Green')] from cart with id: 2
[2023-04-22 19:44:15] - INFO - Created new cart with id: 14
[2023-04-22 19:44:15] - INFO - Producer 3 published Coffee(name='Indonezia', price=1, acidity=5.05, roast_level='MEDIUM')
[2023-04-22 19:44:15] - INFO - Succesfully added a new product to the cart 6: Coffee(name='Indonezia', price=1, acidity=5.05, roast_level='MEDIUM')
[2023-04-22 19:44:15] - INFO - Succesfully removed a product from producer 3: Coffee(name='Indonezia', price=1, acidity=5.05, roast_level='MEDIUM')
[2023-04-22 19:44:15] - INFO - Producer 1 published Tea(name='Wild Cherry', price=4, type='Black')
[2023-04-22 19:44:15] - INFO - Producer 3 published Coffee(name='Indonezia', price=1, acidity=5.05, roast_level='MEDIUM')
[2023-04-22 19:44:15] - INFO - Succesfully added a new product to the cart 12: Tea(name='Wild Cherry', price=4, type='Black')
[2023-04-22 19:44:15] - INFO - Succesfully removed a product from producer 1: Tea(name='Wild Cherry', price=4, type='Black')
[2023-04-22 19:44:15] - INFO - Producer 2 published Tea(name='Cactus fig', price=3, type='Green')
[2023-04-22 19:44:15] - INFO - Succesfully added a new product to the cart 9: Tea(name='Cactus fig', price=3, type='Green')
[2023-04-22 19:44:15] - INFO - Succesfully removed a product from producer 2: Tea(name='Cactus fig', price=3, type='Green')
[2023-04-22 19:44:15] - INFO - Producer 0 published Coffee(name='Indonezia', price=1, acidity=5.05, roast_level='MEDIUM')
[2023-04-22 19:44:15] - INFO - Producer 4 published Tea(name='Cactus fig', price=3, type='Green')
[2023-04-22 19:44:15] - INFO - Succesfully added a new product to the cart 13: Tea(name='Cactus fig', price=3, type='Green')
[2023-04-22 19:44:15] - INFO - Succesfully removed a product from producer 4: Tea(name='Cactus fig', price=3, type='Green')
[2023-04-22 19:44:15] - INFO - Producer 3 published Tea(name='Wild Cherry', price=4, type='Black')
[2023-04-22 19:44:15] - INFO - Succesfully added a new product to the cart 12: Tea(name='Wild Cherry', price=4, type='Black')
[2023-04-22 19:44:15] - INFO - Succesfully removed a product from producer 3: Tea(name='Wild Cherry', price=4, type='Black')
[2023-04-22 19:44:15] - INFO - Succesfully added a new product to the cart 14: Coffee(name='Indonezia', price=1, acidity=5.05, roast_level='MEDIUM')
[2023-04-22 19:44:15] - INFO - Succesfully removed a product from producer 0: Coffee(name='Indonezia', price=1, acidity=5.05, roast_level='MEDIUM')
[2023-04-22 19:44:15] - INFO - Succesfully added a new product to the cart 14: Coffee(name='Indonezia', price=1, acidity=5.05, roast_level='MEDIUM')
[2023-04-22 19:44:15] - INFO - Succesfully removed a product from producer 3: Coffee(name='Indonezia', price=1, acidity=5.05, roast_level='MEDIUM')
[2023-04-22 19:44:15] - INFO - Producer 2 published Coffee(name='Brasil', price=7, acidity=5.09, roast_level='MEDIUM')
[2023-04-22 19:44:15] - INFO - Producer 1 published Tea(name='Wild Cherry', price=4, type='Black')
[2023-04-22 19:44:15] - INFO - Succesfully added a new product to the cart 12: Coffee(name='Brasil', price=7, acidity=5.09, roast_level='MEDIUM')
[2023-04-22 19:44:15] - INFO - Succesfully removed a product from producer 2: Coffee(name='Brasil', price=7, acidity=5.09, roast_level='MEDIUM')
[2023-04-22 19:44:15] - INFO - Producer 3 published Coffee(name='Indonezia', price=1, acidity=5.05, roast_level='MEDIUM')
[2023-04-22 19:44:15] - INFO - Succesfully added a new product to the cart 6: Coffee(name='Indonezia', price=1, acidity=5.05, roast_level='MEDIUM')
[2023-04-22 19:44:15] - INFO - Succesfully removed a product from producer 3: Coffee(name='Indonezia', price=1, acidity=5.05, roast_level='MEDIUM')
[2023-04-22 19:44:15] - INFO - The order placed [Tea(name='Wild Cherry', price=4, type='Black'), Tea(name='Wild Cherry', price=4, type='Black'), Tea(name='Wild Cherry', price=4, type='Black'), Tea(name='Wild Cherry', price=4, type='Black'), Coffee(name='Indonezia', price=1, acidity=5.05, roast_level='MEDIUM'), Coffee(name='Indonezia', price=1, acidity=5.05, roast_level='MEDIUM')] from cart with id: 6
[2023-04-22 19:44:15] - INFO - Created new cart with id: 15
[2023-04-22 19:44:15] - INFO - Succesfully added a new product to the cart 4: Tea(name='Wild Cherry', price=4, type='Black')
[2023-04-22 19:44:15] - INFO - Succesfully removed a product from producer 1: Tea(name='Wild Cherry', price=4, type='Black')
[2023-04-22 19:44:15] - INFO - Producer 2 published Coffee(name='Brasil', price=7, acidity=5.09, roast_level='MEDIUM')
[2023-04-22 19:44:15] - INFO - Succesfully added a new product to the cart 7: Coffee(name='Brasil', price=7, acidity=5.09, roast_level='MEDIUM')
[2023-04-22 19:44:15] - INFO - Succesfully removed a product from producer 2: Coffee(name='Brasil', price=7, acidity=5.09, roast_level='MEDIUM')
[2023-04-22 19:44:15] - INFO - Producer 3 published Coffee(name='Indonezia', price=1, acidity=5.05, roast_level='MEDIUM')
[2023-04-22 19:44:15] - INFO - Producer 0 published Coffee(name='Ethiopia', price=10, acidity=5.09, roast_level='MEDIUM')
[2023-04-22 19:44:16] - INFO - Producer 1 published Tea(name='Wild Cherry', price=4, type='Black')
[2023-04-22 19:44:16] - INFO - Producer 4 published Tea(name='Cactus fig', price=3, type='Green')
[2023-04-22 19:44:16] - INFO - Succesfully added a new product to the cart 13: Tea(name='Cactus fig', price=3, type='Green')
[2023-04-22 19:44:16] - INFO - Succesfully removed a product from producer 4: Tea(name='Cactus fig', price=3, type='Green')
[2023-04-22 19:44:16] - INFO - Producer 2 published Coffee(name='Brasil', price=7, acidity=5.09, roast_level='MEDIUM')
[2023-04-22 19:44:16] - INFO - Succesfully added a new product to the cart 11: Coffee(name='Indonezia', price=1, acidity=5.05, roast_level='MEDIUM')
[2023-04-22 19:44:16] - INFO - Succesfully removed a product from producer 3: Coffee(name='Indonezia', price=1, acidity=5.05, roast_level='MEDIUM')
[2023-04-22 19:44:16] - INFO - Succesfully added a new product to the cart 11: Coffee(name='Brasil', price=7, acidity=5.09, roast_level='MEDIUM')
[2023-04-22 19:44:16] - INFO - Succesfully removed a product from producer 2: Coffee(name='Brasil', price=7, acidity=5.09, roast_level='MEDIUM')
[2023-04-22 19:44:16] - INFO - Succesfully added a new product to the cart 4: Tea(name='Wild Cherry', price=4, type='Black')
[2023-04-22 19:44:16] - INFO - Succesfully removed a product from producer 1: Tea(name='Wild Cherry', price=4, type='Black')
[2023-04-22 19:44:16] - INFO - Producer 3 published Coffee(name='Indonezia', price=1, acidity=5.05, roast_level='MEDIUM')
[2023-04-22 19:44:16] - INFO - Producer 2 published Coffee(name='Ethiopia', price=10, acidity=5.09, roast_level='MEDIUM')
[2023-04-22 19:44:16] - INFO - Succesfully added a new product to the cart 15: Coffee(name='Indonezia', price=1, acidity=5.05, roast_level='MEDIUM')
[2023-04-22 19:44:16] - INFO - Succesfully removed a product from producer 3: Coffee(name='Indonezia', price=1, acidity=5.05, roast_level='MEDIUM')
[2023-04-22 19:44:16] - INFO - Producer 1 published Tea(name='Wild Cherry', price=4, type='Black')
[2023-04-22 19:44:16] - INFO - Producer 3 published Tea(name='Wild Cherry', price=4, type='Black')
[2023-04-22 19:44:16] - INFO - Producer 2 published Coffee(name='Ethiopia', price=10, acidity=5.09, roast_level='MEDIUM')
[2023-04-22 19:44:16] - INFO - Producer 0 published Coffee(name='Ethiopia', price=10, acidity=5.09, roast_level='MEDIUM')
[2023-04-22 19:44:16] - INFO - Succesfully added a new product to the cart 4: Tea(name='Wild Cherry', price=4, type='Black')
[2023-04-22 19:44:16] - INFO - Succesfully removed a product from producer 1: Tea(name='Wild Cherry', price=4, type='Black')
[2023-04-22 19:44:16] - INFO - Succesfully added a new product to the cart 4: Tea(name='Wild Cherry', price=4, type='Black')
[2023-04-22 19:44:16] - INFO - Succesfully removed a product from producer 3: Tea(name='Wild Cherry', price=4, type='Black')
[2023-04-22 19:44:16] - INFO - Producer 4 published Coffee(name='Ethiopia', price=10, acidity=5.09, roast_level='MEDIUM')
[2023-04-22 19:44:16] - INFO - Producer 3 published Coffee(name='Indonezia', price=1, acidity=5.05, roast_level='MEDIUM')
[2023-04-22 19:44:16] - INFO - Succesfully added a new product to the cart 14: Coffee(name='Indonezia', price=1, acidity=5.05, roast_level='MEDIUM')
[2023-04-22 19:44:16] - INFO - Succesfully removed a product from producer 3: Coffee(name='Indonezia', price=1, acidity=5.05, roast_level='MEDIUM')
[2023-04-22 19:44:16] - INFO - Producer 2 published Coffee(name='Ethiopia', price=10, acidity=5.09, roast_level='MEDIUM')
[2023-04-22 19:44:16] - INFO - Producer 1 published Tea(name='Wild Cherry', price=4, type='Black')
[2023-04-22 19:44:16] - INFO - Producer 3 published Coffee(name='Indonezia', price=1, acidity=5.05, roast_level='MEDIUM')
[2023-04-22 19:44:16] - INFO - Succesfully added a new product to the cart 4: Tea(name='Wild Cherry', price=4, type='Black')
[2023-04-22 19:44:16] - INFO - Succesfully removed a product from producer 1: Tea(name='Wild Cherry', price=4, type='Black')
[2023-04-22 19:44:16] - INFO - Succesfully added a new product to the cart 4: Coffee(name='Ethiopia', price=10, acidity=5.09, roast_level='MEDIUM')
[2023-04-22 19:44:16] - INFO - Succesfully removed a product from producer 0: Coffee(name='Ethiopia', price=10, acidity=5.09, roast_level='MEDIUM')
[2023-04-22 19:44:16] - INFO - Succesfully added a new product to the cart 4: Coffee(name='Ethiopia', price=10, acidity=5.09, roast_level='MEDIUM')
[2023-04-22 19:44:16] - INFO - Succesfully removed a product from producer 0: Coffee(name='Ethiopia', price=10, acidity=5.09, roast_level='MEDIUM')
[2023-04-22 19:44:16] - INFO - Succesfully added a new product to the cart 4: Coffee(name='Ethiopia', price=10, acidity=5.09, roast_level='MEDIUM')
[2023-04-22 19:44:16] - INFO - Succesfully removed a product from producer 2: Coffee(name='Ethiopia', price=10, acidity=5.09, roast_level='MEDIUM')
[2023-04-22 19:44:16] - INFO - Succesfully added a new product to the cart 4: Coffee(name='Ethiopia', price=10, acidity=5.09, roast_level='MEDIUM')
[2023-04-22 19:44:16] - INFO - Succesfully removed a product from producer 2: Coffee(name='Ethiopia', price=10, acidity=5.09, roast_level='MEDIUM')
[2023-04-22 19:44:16] - INFO - Succesfully added a new product to the cart 4: Coffee(name='Ethiopia', price=10, acidity=5.09, roast_level='MEDIUM')
[2023-04-22 19:44:16] - INFO - Succesfully removed a product from producer 2: Coffee(name='Ethiopia', price=10, acidity=5.09, roast_level='MEDIUM')
[2023-04-22 19:44:16] - INFO - Succesfully removed product Tea(name='Wild Cherry', price=4, type='Black') from cart 4
[2023-04-22 19:44:16] - INFO - Succesfully removed product Tea(name='Wild Cherry', price=4, type='Black') from cart 4
[2023-04-22 19:44:16] - INFO - Succesfully removed product Tea(name='Wild Cherry', price=4, type='Black') from cart 4
[2023-04-22 19:44:16] - INFO - Succesfully removed product Tea(name='Wild Cherry', price=4, type='Black') from cart 4
[2023-04-22 19:44:16] - INFO - The order placed [Coffee(name='Indonezia', price=1, acidity=5.05, roast_level='MEDIUM'), Coffee(name='Indonezia', price=1, acidity=5.05, roast_level='MEDIUM'), Coffee(name='Indonezia', price=1, acidity=5.05, roast_level='MEDIUM'), Coffee(name='Indonezia', price=1, acidity=5.05, roast_level='MEDIUM'), Tea(name='Wild Cherry', price=4, type='Black'), Coffee(name='Ethiopia', price=10, acidity=5.09, roast_level='MEDIUM'), Coffee(name='Ethiopia', price=10, acidity=5.09, roast_level='MEDIUM'), Coffee(name='Ethiopia', price=10, acidity=5.09, roast_level='MEDIUM'), Coffee(name='Ethiopia', price=10, acidity=5.09, roast_level='MEDIUM'), Coffee(name='Ethiopia', price=10, acidity=5.09, roast_level='MEDIUM')] from cart with id: 4
[2023-04-22 19:44:16] - INFO - Created new cart with id: 16
[2023-04-22 19:44:16] - INFO - Succesfully added a new product to the cart 14: Coffee(name='Indonezia', price=1, acidity=5.05, roast_level='MEDIUM')
[2023-04-22 19:44:16] - INFO - Succesfully removed a product from producer 3: Coffee(name='Indonezia', price=1, acidity=5.05, roast_level='MEDIUM')
[2023-04-22 19:44:16] - INFO - The order placed [Coffee(name='Indonezia', price=1, acidity=5.05, roast_level='MEDIUM'), Coffee(name='Indonezia', price=1, acidity=5.05, roast_level='MEDIUM'), Coffee(name='Indonezia', price=1, acidity=5.05, roast_level='MEDIUM'), Coffee(name='Indonezia', price=1, acidity=5.05, roast_level='MEDIUM')] from cart with id: 14
[2023-04-22 19:44:16] - INFO - Created new cart with id: 17
[2023-04-22 19:44:16] - INFO - Producer 2 published Tea(name='Cactus fig', price=3, type='Green')
[2023-04-22 19:44:16] - INFO - Producer 0 published Coffee(name='Ethiopia', price=10, acidity=5.09, roast_level='MEDIUM')
[2023-04-22 19:44:16] - INFO - Succesfully added a new product to the cart 9: Tea(name='Cactus fig', price=3, type='Green')
[2023-04-22 19:44:16] - INFO - Succesfully removed a product from producer 2: Tea(name='Cactus fig', price=3, type='Green')
[2023-04-22 19:44:16] - INFO - Producer 3 published Coffee(name='Indonezia', price=1, acidity=5.05, roast_level='MEDIUM')
[2023-04-22 19:44:16] - INFO - Producer 1 published Tea(name='Wild Cherry', price=4, type='Black')
[2023-04-22 19:44:16] - INFO - Producer 4 published Coffee(name='Ethiopia', price=10, acidity=5.09, roast_level='MEDIUM')
[2023-04-22 19:44:16] - INFO - Succesfully added a new product to the cart 17: Coffee(name='Indonezia', price=1, acidity=5.05, roast_level='MEDIUM')
[2023-04-22 19:44:16] - INFO - Succesfully removed a product from producer 3: Coffee(name='Indonezia', price=1, acidity=5.05, roast_level='MEDIUM')
[2023-04-22 19:44:16] - INFO - Succesfully added a new product to the cart 17: Tea(name='Wild Cherry', price=4, type='Black')
[2023-04-22 19:44:16] - INFO - Succesfully removed a product from producer 1: Tea(name='Wild Cherry', price=4, type='Black')
[2023-04-22 19:44:16] - INFO - Succesfully added a new product to the cart 17: Tea(name='Wild Cherry', price=4, type='Black')
[2023-04-22 19:44:16] - INFO - Succesfully removed a product from producer 1: Tea(name='Wild Cherry', price=4, type='Black')
[2023-04-22 19:44:16] - INFO - Succesfully added a new product to the cart 17: Tea(name='Wild Cherry', price=4, type='Black')
[2023-04-22 19:44:16] - INFO - Succesfully removed a product from producer 1: Tea(name='Wild Cherry', price=4, type='Black')
[2023-04-22 19:44:16] - INFO - Succesfully added a new product to the cart 17: Coffee(name='Ethiopia', price=10, acidity=5.09, roast_level='MEDIUM')
[2023-04-22 19:44:16] - INFO - Succesfully removed a product from producer 0: Coffee(name='Ethiopia', price=10, acidity=5.09, roast_level='MEDIUM')
[2023-04-22 19:44:16] - INFO - The order placed [Coffee(name='Indonezia', price=1, acidity=5.05, roast_level='MEDIUM'), Tea(name='Wild Cherry', price=4, type='Black'), Tea(name='Wild Cherry', price=4, type='Black'), Tea(name='Wild Cherry', price=4, type='Black'), Coffee(name='Ethiopia', price=10, acidity=5.09, roast_level='MEDIUM')] from cart with id: 17
[2023-04-22 19:44:16] - INFO - Producer 2 published Tea(name='Cactus fig', price=3, type='Green')
[2023-04-22 19:44:16] - INFO - Succesfully added a new product to the cart 1: Tea(name='Cactus fig', price=3, type='Green')
[2023-04-22 19:44:16] - INFO - Succesfully removed a product from producer 2: Tea(name='Cactus fig', price=3, type='Green')
[2023-04-22 19:44:16] - INFO - Producer 3 published Tea(name='Wild Cherry', price=4, type='Black')
[2023-04-22 19:44:17] - INFO - Producer 1 published Tea(name='Wild Cherry', price=4, type='Black')
[2023-04-22 19:44:17] - INFO - Producer 3 published Coffee(name='Indonezia', price=1, acidity=5.05, roast_level='MEDIUM')
[2023-04-22 19:44:17] - INFO - Producer 2 published Coffee(name='Brasil', price=7, acidity=5.09, roast_level='MEDIUM')
[2023-04-22 19:44:17] - INFO - Succesfully added a new product to the cart 7: Coffee(name='Brasil', price=7, acidity=5.09, roast_level='MEDIUM')
[2023-04-22 19:44:17] - INFO - Succesfully removed a product from producer 2: Coffee(name='Brasil', price=7, acidity=5.09, roast_level='MEDIUM')
[2023-04-22 19:44:17] - INFO - Succesfully removed product Coffee(name='Brasil', price=7, acidity=5.09, roast_level='MEDIUM') from cart 7
[2023-04-22 19:44:17] - INFO - The order placed [Coffee(name='Indonezia', price=1, acidity=5.05, roast_level='MEDIUM'), Coffee(name='Ethiopia', price=10, acidity=5.09, roast_level='MEDIUM'), Coffee(name='Ethiopia', price=10, acidity=5.09, roast_level='MEDIUM'), Coffee(name='Ethiopia', price=10, acidity=5.09, roast_level='MEDIUM'), Coffee(name='Brasil', price=7, acidity=5.09, roast_level='MEDIUM')] from cart with id: 7
[2023-04-22 19:44:17] - INFO - Created new cart with id: 18
[2023-04-22 19:44:17] - INFO - Succesfully added a new product to the cart 18: Coffee(name='Indonezia', price=1, acidity=5.05, roast_level='MEDIUM')
[2023-04-22 19:44:17] - INFO - Succesfully removed a product from producer 3: Coffee(name='Indonezia', price=1, acidity=5.05, roast_level='MEDIUM')
[2023-04-22 19:44:17] - INFO - Producer 0 published Coffee(name='Brasil', price=7, acidity=5.09, roast_level='MEDIUM')
[2023-04-22 19:44:17] - INFO - Succesfully added a new product to the cart 16: Coffee(name='Brasil', price=7, acidity=5.09, roast_level='MEDIUM')
[2023-04-22 19:44:17] - INFO - Succesfully removed a product from producer 0: Coffee(name='Brasil', price=7, acidity=5.09, roast_level='MEDIUM')
[2023-04-22 19:44:17] - INFO - Succesfully added a new product to the cart 12: Coffee(name='Brasil', price=7, acidity=5.09, roast_level='MEDIUM')
[2023-04-22 19:44:17] - INFO - Succesfully removed a product from producer 2: Coffee(name='Brasil', price=7, acidity=5.09, roast_level='MEDIUM')
[2023-04-22 19:44:17] - INFO - Producer 3 published Coffee(name='Indonezia', price=1, acidity=5.05, roast_level='MEDIUM')
[2023-04-22 19:44:17] - INFO - Producer 4 published Coffee(name='Ethiopia', price=10, acidity=5.09, roast_level='MEDIUM')
[2023-04-22 19:44:17] - INFO - Producer 2 published Coffee(name='Brasil', price=7, acidity=5.09, roast_level='MEDIUM')
[2023-04-22 19:44:17] - INFO - Succesfully added a new product to the cart 12: Coffee(name='Brasil', price=7, acidity=5.09, roast_level='MEDIUM')
[2023-04-22 19:44:17] - INFO - Succesfully removed a product from producer 2: Coffee(name='Brasil', price=7, acidity=5.09, roast_level='MEDIUM')
[2023-04-22 19:44:17] - INFO - Succesfully added a new product to the cart 15: Coffee(name='Indonezia', price=1, acidity=5.05, roast_level='MEDIUM')
[2023-04-22 19:44:17] - INFO - Succesfully removed a product from producer 3: Coffee(name='Indonezia', price=1, acidity=5.05, roast_level='MEDIUM')
[2023-04-22 19:44:17] - INFO - Producer 1 published Tea(name='Wild Cherry', price=4, type='Black')
[2023-04-22 19:44:17] - INFO - Producer 3 published Coffee(name='Indonezia', price=1, acidity=5.05, roast_level='MEDIUM')
[2023-04-22 19:44:17] - INFO - Succesfully added a new product to the cart 18: Coffee(name='Indonezia', price=1, acidity=5.05, roast_level='MEDIUM')
[2023-04-22 19:44:17] - INFO - Succesfully removed a product from producer 3: Coffee(name='Indonezia', price=1, acidity=5.05, roast_level='MEDIUM')
[2023-04-22 19:44:17] - INFO - Producer 2 published Coffee(name='Brasil', price=7, acidity=5.09, roast_level='MEDIUM')
[2023-04-22 19:44:17] - INFO - Succesfully added a new product to the cart 12: Coffee(name='Brasil', price=7, acidity=5.09, roast_level='MEDIUM')
[2023-04-22 19:44:17] - INFO - Succesfully removed a product from producer 2: Coffee(name='Brasil', price=7, acidity=5.09, roast_level='MEDIUM')
[2023-04-22 19:44:17] - INFO - Producer 0 published Coffee(name='Brasil', price=7, acidity=5.09, roast_level='MEDIUM')
[2023-04-22 19:44:17] - INFO - Succesfully added a new product to the cart 11: Coffee(name='Brasil', price=7, acidity=5.09, roast_level='MEDIUM')
[2023-04-22 19:44:17] - INFO - Succesfully removed a product from producer 0: Coffee(name='Brasil', price=7, acidity=5.09, roast_level='MEDIUM')
[2023-04-22 19:44:17] - INFO - Producer 2 published Coffee(name='Ethiopia', price=10, acidity=5.09, roast_level='MEDIUM')
[2023-04-22 19:44:17] - INFO - Producer 3 published Tea(name='Wild Cherry', price=4, type='Black')
[2023-04-22 19:44:17] - INFO - Producer 1 published Tea(name='Wild Cherry', price=4, type='Black')
[2023-04-22 19:44:17] - INFO - Producer 4 published Tea(name='Cactus fig', price=3, type='Green')
[2023-04-22 19:44:17] - INFO - Succesfully added a new product to the cart 13: Tea(name='Cactus fig', price=3, type='Green')
[2023-04-22 19:44:17] - INFO - Succesfully removed a product from producer 4: Tea(name='Cactus fig', price=3, type='Green')
[2023-04-22 19:44:17] - INFO - Producer 3 published Coffee(name='Indonezia', price=1, acidity=5.05, roast_level='MEDIUM')
[2023-04-22 19:44:17] - INFO - Succesfully added a new product to the cart 16: Coffee(name='Indonezia', price=1, acidity=5.05, roast_level='MEDIUM')
[2023-04-22 19:44:17] - INFO - Succesfully removed a product from producer 3: Coffee(name='Indonezia', price=1, acidity=5.05, roast_level='MEDIUM')
[2023-04-22 19:44:17] - INFO - Producer 2 published Coffee(name='Ethiopia', price=10, acidity=5.09, roast_level='MEDIUM')
[2023-04-22 19:44:17] - INFO - Producer 1 published Tea(name='Wild Cherry', price=4, type='Black')
[2023-04-22 19:44:17] - INFO - Producer 3 published Coffee(name='Indonezia', price=1, acidity=5.05, roast_level='MEDIUM')
[2023-04-22 19:44:17] - INFO - Producer 2 published Coffee(name='Ethiopia', price=10, acidity=5.09, roast_level='MEDIUM')
[2023-04-22 19:44:17] - INFO - Succesfully added a new product to the cart 13: Coffee(name='Indonezia', price=1, acidity=5.05, roast_level='MEDIUM')
[2023-04-22 19:44:17] - INFO - Succesfully removed a product from producer 3: Coffee(name='Indonezia', price=1, acidity=5.05, roast_level='MEDIUM')
[2023-04-22 19:44:17] - INFO - Producer 0 published Coffee(name='Indonezia', price=1, acidity=5.05, roast_level='MEDIUM')
[2023-04-22 19:44:17] - INFO - Succesfully added a new product to the cart 16: Coffee(name='Indonezia', price=1, acidity=5.05, roast_level='MEDIUM')
[2023-04-22 19:44:17] - INFO - Succesfully removed a product from producer 0: Coffee(name='Indonezia', price=1, acidity=5.05, roast_level='MEDIUM')
[2023-04-22 19:44:17] - INFO - Producer 3 published Coffee(name='Indonezia', price=1, acidity=5.05, roast_level='MEDIUM')
[2023-04-22 19:44:17] - INFO - Succesfully added a new product to the cart 15: Coffee(name='Indonezia', price=1, acidity=5.05, roast_level='MEDIUM')
[2023-04-22 19:44:17] - INFO - Succesfully removed a product from producer 3: Coffee(name='Indonezia', price=1, acidity=5.05, roast_level='MEDIUM')
[2023-04-22 19:44:18] - INFO - Producer 2 published Tea(name='Cactus fig', price=3, type='Green')
[2023-04-22 19:44:18] - INFO - Producer 4 published Tea(name='Cactus fig', price=3, type='Green')
[2023-04-22 19:44:18] - INFO - Producer 1 published Tea(name='Wild Cherry', price=4, type='Black')
[2023-04-22 19:44:18] - INFO - Succesfully added a new product to the cart 12: Tea(name='Cactus fig', price=3, type='Green')
[2023-04-22 19:44:18] - INFO - Succesfully removed a product from producer 2: Tea(name='Cactus fig', price=3, type='Green')
[2023-04-22 19:44:18] - INFO - Succesfully added a new product to the cart 12: Tea(name='Cactus fig', price=3, type='Green')
[2023-04-22 19:44:18] - INFO - Succesfully removed a product from producer 4: Tea(name='Cactus fig', price=3, type='Green')
[2023-04-22 19:44:18] - INFO - Producer 3 published Tea(name='Wild Cherry', price=4, type='Black')
[2023-04-22 19:44:18] - INFO - Producer 2 published Tea(name='Cactus fig', price=3, type='Green')
[2023-04-22 19:44:18] - INFO - Producer 3 published Coffee(name='Indonezia', price=1, acidity=5.05, roast_level='MEDIUM')
[2023-04-22 19:44:18] - INFO - Succesfully added a new product to the cart 18: Tea(name='Cactus fig', price=3, type='Green')
[2023-04-22 19:44:18] - INFO - Succesfully removed a product from producer 2: Tea(name='Cactus fig', price=3, type='Green')
[2023-04-22 19:44:18] - INFO - Succesfully added a new product to the cart 13: Coffee(name='Indonezia', price=1, acidity=5.05, roast_level='MEDIUM')
[2023-04-22 19:44:18] - INFO - Succesfully removed a product from producer 3: Coffee(name='Indonezia', price=1, acidity=5.05, roast_level='MEDIUM')
[2023-04-22 19:44:18] - INFO - Producer 1 published Tea(name='Wild Cherry', price=4, type='Black')
[2023-04-22 19:44:18] - INFO - Producer 0 published Coffee(name='Indonezia', price=1, acidity=5.05, roast_level='MEDIUM')
[2023-04-22 19:44:18] - INFO - Succesfully added a new product to the cart 15: Coffee(name='Indonezia', price=1, acidity=5.05, roast_level='MEDIUM')
[2023-04-22 19:44:18] - INFO - Succesfully removed a product from producer 0: Coffee(name='Indonezia', price=1, acidity=5.05, roast_level='MEDIUM')
[2023-04-22 19:44:18] - INFO - Succesfully added a new product to the cart 15: Tea(name='Wild Cherry', price=4, type='Black')
[2023-04-22 19:44:18] - INFO - Succesfully removed a product from producer 1: Tea(name='Wild Cherry', price=4, type='Black')
[2023-04-22 19:44:18] - INFO - Succesfully added a new product to the cart 15: Tea(name='Wild Cherry', price=4, type='Black')
[2023-04-22 19:44:18] - INFO - Succesfully removed a product from producer 1: Tea(name='Wild Cherry', price=4, type='Black')
[2023-04-22 19:44:18] - INFO - Succesfully added a new product to the cart 15: Tea(name='Wild Cherry', price=4, type='Black')
[2023-04-22 19:44:18] - INFO - Succesfully removed a product from producer 1: Tea(name='Wild Cherry', price=4, type='Black')
[2023-04-22 19:44:18] - INFO - Succesfully added a new product to the cart 15: Coffee(name='Ethiopia', price=10, acidity=5.09, roast_level='MEDIUM')
[2023-04-22 19:44:18] - INFO - Succesfully removed a product from producer 2: Coffee(name='Ethiopia', price=10, acidity=5.09, roast_level='MEDIUM')
[2023-04-22 19:44:18] - INFO - The order placed [Coffee(name='Indonezia', price=1, acidity=5.05, roast_level='MEDIUM'), Coffee(name='Indonezia', price=1, acidity=5.05, roast_level='MEDIUM'), Coffee(name='Indonezia', price=1, acidity=5.05, roast_level='MEDIUM'), Coffee(name='Indonezia', price=1, acidity=5.05, roast_level='MEDIUM'), Tea(name='Wild Cherry', price=4, type='Black'), Tea(name='Wild Cherry', price=4, type='Black'), Tea(name='Wild Cherry', price=4, type='Black'), Coffee(name='Ethiopia', price=10, acidity=5.09, roast_level='MEDIUM')] from cart with id: 15
[2023-04-22 19:44:18] - INFO - Created new cart with id: 19
[2023-04-22 19:44:18] - INFO - Producer 3 published Coffee(name='Indonezia', price=1, acidity=5.05, roast_level='MEDIUM')
[2023-04-22 19:44:18] - INFO - Producer 2 published Coffee(name='Brasil', price=7, acidity=5.09, roast_level='MEDIUM')
[2023-04-22 19:44:18] - INFO - Producer 4 published Tea(name='Cactus fig', price=3, type='Green')
[2023-04-22 19:44:18] - INFO - Succesfully added a new product to the cart 13: Coffee(name='Indonezia', price=1, acidity=5.05, roast_level='MEDIUM')
[2023-04-22 19:44:18] - INFO - Succesfully removed a product from producer 3: Coffee(name='Indonezia', price=1, acidity=5.05, roast_level='MEDIUM')
[2023-04-22 19:44:18] - INFO - Succesfully added a new product to the cart 12: Tea(name='Cactus fig', price=3, type='Green')
[2023-04-22 19:44:18] - INFO - Succesfully removed a product from producer 4: Tea(name='Cactus fig', price=3, type='Green')
[2023-04-22 19:44:18] - INFO - Producer 1 published Tea(name='Wild Cherry', price=4, type='Black')
[2023-04-22 19:44:18] - INFO - Producer 3 published Coffee(name='Indonezia', price=1, acidity=5.05, roast_level='MEDIUM')
[2023-04-22 19:44:18] - INFO - Producer 2 published Coffee(name='Brasil', price=7, acidity=5.09, roast_level='MEDIUM')
[2023-04-22 19:44:18] - INFO - Succesfully added a new product to the cart 13: Coffee(name='Indonezia', price=1, acidity=5.05, roast_level='MEDIUM')
[2023-04-22 19:44:18] - INFO - Succesfully removed a product from producer 3: Coffee(name='Indonezia', price=1, acidity=5.05, roast_level='MEDIUM')
[2023-04-22 19:44:18] - INFO - Succesfully removed product Tea(name='Cactus fig', price=3, type='Green') from cart 13
[2023-04-22 19:44:18] - INFO - Succesfully removed product Tea(name='Cactus fig', price=3, type='Green') from cart 13
[2023-04-22 19:44:18] - INFO - The order placed [Tea(name='Cactus fig', price=3, type='Green'), Coffee(name='Indonezia', price=1, acidity=5.05, roast_level='MEDIUM'), Coffee(name='Indonezia', price=1, acidity=5.05, roast_level='MEDIUM'), Coffee(name='Indonezia', price=1, acidity=5.05, roast_level='MEDIUM'), Coffee(name='Indonezia', price=1, acidity=5.05, roast_level='MEDIUM')] from cart with id: 13
[2023-04-22 19:44:18] - INFO - Created new cart with id: 20
[2023-04-22 19:44:18] - INFO - Succesfully added a new product to the cart 20: Tea(name='Cactus fig', price=3, type='Green')
[2023-04-22 19:44:18] - INFO - Succesfully removed a product from producer 4: Tea(name='Cactus fig', price=3, type='Green')
[2023-04-22 19:44:18] - INFO - Succesfully added a new product to the cart 20: Tea(name='Cactus fig', price=3, type='Green')
[2023-04-22 19:44:18] - INFO - Succesfully removed a product from producer 4: Tea(name='Cactus fig', price=3, type='Green')
[2023-04-22 19:44:18] - INFO - Succesfully added a new product to the cart 11: Coffee(name='Brasil', price=7, acidity=5.09, roast_level='MEDIUM')
[2023-04-22 19:44:18] - INFO - Succesfully removed a product from producer 2: Coffee(name='Brasil', price=7, acidity=5.09, roast_level='MEDIUM')
[2023-04-22 19:44:18] - INFO - Succesfully added a new product to the cart 11: Tea(name='Wild Cherry', price=4, type='Black')
[2023-04-22 19:44:18] - INFO - Succesfully removed a product from producer 1: Tea(name='Wild Cherry', price=4, type='Black')
[2023-04-22 19:44:18] - INFO - Succesfully added a new product to the cart 11: Tea(name='Wild Cherry', price=4, type='Black')
[2023-04-22 19:44:18] - INFO - Succesfully removed a product from producer 1: Tea(name='Wild Cherry', price=4, type='Black')
[2023-04-22 19:44:18] - INFO - Succesfully removed product Tea(name='Wild Cherry', price=4, type='Black') from cart 11
[2023-04-22 19:44:18] - INFO - The order placed [Coffee(name='Indonezia', price=1, acidity=5.05, roast_level='MEDIUM'), Coffee(name='Brasil', price=7, acidity=5.09, roast_level='MEDIUM'), Coffee(name='Brasil', price=7, acidity=5.09, roast_level='MEDIUM'), Coffee(name='Brasil', price=7, acidity=5.09, roast_level='MEDIUM'), Tea(name='Wild Cherry', price=4, type='Black')] from cart with id: 11
[2023-04-22 19:44:18] - INFO - Producer 0 published Coffee(name='Indonezia', price=1, acidity=5.05, roast_level='MEDIUM')
[2023-04-22 19:44:18] - INFO - Producer 2 published Coffee(name='Brasil', price=7, acidity=5.09, roast_level='MEDIUM')
[2023-04-22 19:44:18] - INFO - Succesfully added a new product to the cart 19: Coffee(name='Indonezia', price=1, acidity=5.05, roast_level='MEDIUM')
[2023-04-22 19:44:18] - INFO - Succesfully removed a product from producer 0: Coffee(name='Indonezia', price=1, acidity=5.05, roast_level='MEDIUM')
[2023-04-22 19:44:18] - INFO - Producer 3 published Tea(name='Wild Cherry', price=4, type='Black')
[2023-04-22 19:44:18] - INFO - Producer 1 published Tea(name='Wild Cherry', price=4, type='Black')
[2023-04-22 19:44:18] - INFO - Producer 4 published Coffee(name='Ethiopia', price=10, acidity=5.09, roast_level='MEDIUM')
[2023-04-22 19:44:18] - INFO - Producer 3 published Coffee(name='Indonezia', price=1, acidity=5.05, roast_level='MEDIUM')
[2023-04-22 19:44:18] - INFO - Producer 2 published Coffee(name='Ethiopia', price=10, acidity=5.09, roast_level='MEDIUM')
[2023-04-22 19:44:18] - INFO - Succesfully added a new product to the cart 16: Coffee(name='Indonezia', price=1, acidity=5.05, roast_level='MEDIUM')
[2023-04-22 19:44:18] - INFO - Succesfully removed a product from producer 3: Coffee(name='Indonezia', price=1, acidity=5.05, roast_level='MEDIUM')
[2023-04-22 19:44:18] - INFO - Producer 3 published Coffee(name='Indonezia', price=1, acidity=5.05, roast_level='MEDIUM')
[2023-04-22 19:44:18] - INFO - Producer 2 published Coffee(name='Ethiopia', price=10, acidity=5.09, roast_level='MEDIUM')
[2023-04-22 19:44:19] - INFO - Producer 1 published Tea(name='Wild Cherry', price=4, type='Black')
[2023-04-22 19:44:19] - INFO - Succesfully added a new product to the cart 19: Coffee(name='Indonezia', price=1, acidity=5.05, roast_level='MEDIUM')
[2023-04-22 19:44:19] - INFO - Succesfully removed a product from producer 3: Coffee(name='Indonezia', price=1, acidity=5.05, roast_level='MEDIUM')
[2023-04-22 19:44:19] - INFO - Producer 0 published Coffee(name='Ethiopia', price=10, acidity=5.09, roast_level='MEDIUM')
[2023-04-22 19:44:19] - INFO - Producer 3 published Coffee(name='Indonezia', price=1, acidity=5.05, roast_level='MEDIUM')
[2023-04-22 19:44:19] - INFO - Producer 2 published Coffee(name='Ethiopia', price=10, acidity=5.09, roast_level='MEDIUM')
[2023-04-22 19:44:19] - INFO - Producer 4 published Coffee(name='Ethiopia', price=10, acidity=5.09, roast_level='MEDIUM')
[2023-04-22 19:44:19] - INFO - Producer 1 published Tea(name='Wild Cherry', price=4, type='Black')
[2023-04-22 19:44:19] - INFO - Producer 3 published Tea(name='Wild Cherry', price=4, type='Black')
[2023-04-22 19:44:19] - INFO - Producer 2 published Tea(name='Cactus fig', price=3, type='Green')
[2023-04-22 19:44:19] - INFO - Succesfully added a new product to the cart 12: Tea(name='Cactus fig', price=3, type='Green')
[2023-04-22 19:44:19] - INFO - Succesfully removed a product from producer 2: Tea(name='Cactus fig', price=3, type='Green')
[2023-04-22 19:44:19] - INFO - Succesfully added a new product to the cart 19: Coffee(name='Indonezia', price=1, acidity=5.05, roast_level='MEDIUM')
[2023-04-22 19:44:19] - INFO - Succesfully removed a product from producer 3: Coffee(name='Indonezia', price=1, acidity=5.05, roast_level='MEDIUM')
[2023-04-22 19:44:19] - INFO - Producer 3 published Coffee(name='Indonezia', price=1, acidity=5.05, roast_level='MEDIUM')
[2023-04-22 19:44:19] - INFO - Producer 0 published Coffee(name='Ethiopia', price=10, acidity=5.09, roast_level='MEDIUM')
[2023-04-22 19:44:19] - INFO - Producer 1 published Tea(name='Wild Cherry', price=4, type='Black')
[2023-04-22 19:44:19] - INFO - Producer 2 published Tea(name='Cactus fig', price=3, type='Green')
[2023-04-22 19:44:19] - INFO - Succesfully added a new product to the cart 12: Tea(name='Cactus fig', price=3, type='Green')
[2023-04-22 19:44:19] - INFO - Succesfully removed a product from producer 2: Tea(name='Cactus fig', price=3, type='Green')
[2023-04-22 19:44:19] - INFO - The order placed [Tea(name='Wild Cherry', price=4, type='Black'), Tea(name='Wild Cherry', price=4, type='Black'), Tea(name='Wild Cherry', price=4, type='Black'), Coffee(name='Brasil', price=7, acidity=5.09, roast_level='MEDIUM'), Coffee(name='Brasil', price=7, acidity=5.09, roast_level='MEDIUM'), Coffee(name='Brasil', price=7, acidity=5.09, roast_level='MEDIUM'), Coffee(name='Brasil', price=7, acidity=5.09, roast_level='MEDIUM'), Tea(name='Cactus fig', price=3, type='Green'), Tea(name='Cactus fig', price=3, type='Green'), Tea(name='Cactus fig', price=3, type='Green'), Tea(name='Cactus fig', price=3, type='Green'), Tea(name='Cactus fig', price=3, type='Green')] from cart with id: 12
[2023-04-22 19:44:19] - INFO - Created new cart with id: 21
[2023-04-22 19:44:19] - INFO - Succesfully added a new product to the cart 21: Coffee(name='Indonezia', price=1, acidity=5.05, roast_level='MEDIUM')
[2023-04-22 19:44:19] - INFO - Succesfully removed a product from producer 3: Coffee(name='Indonezia', price=1, acidity=5.05, roast_level='MEDIUM')
[2023-04-22 19:44:19] - INFO - Producer 3 published Coffee(name='Indonezia', price=1, acidity=5.05, roast_level='MEDIUM')
[2023-04-22 19:44:19] - INFO - Producer 4 published Coffee(name='Ethiopia', price=10, acidity=5.09, roast_level='MEDIUM')
[2023-04-22 19:44:19] - INFO - Succesfully added a new product to the cart 21: Coffee(name='Indonezia', price=1, acidity=5.05, roast_level='MEDIUM')
[2023-04-22 19:44:19] - INFO - Succesfully removed a product from producer 3: Coffee(name='Indonezia', price=1, acidity=5.05, roast_level='MEDIUM')
[2023-04-22 19:44:19] - INFO - Producer 2 published Coffee(name='Brasil', price=7, acidity=5.09, roast_level='MEDIUM')
[2023-04-22 19:44:19] - INFO - Producer 3 published Coffee(name='Indonezia', price=1, acidity=5.05, roast_level='MEDIUM')
[2023-04-22 19:44:19] - INFO - Producer 1 published Tea(name='Wild Cherry', price=4, type='Black')
[2023-04-22 19:44:19] - INFO - Succesfully added a new product to the cart 19: Coffee(name='Indonezia', price=1, acidity=5.05, roast_level='MEDIUM')
[2023-04-22 19:44:19] - INFO - Succesfully removed a product from producer 3: Coffee(name='Indonezia', price=1, acidity=5.05, roast_level='MEDIUM')
[2023-04-22 19:44:19] - INFO - Producer 0 published Coffee(name='Ethiopia', price=10, acidity=5.09, roast_level='MEDIUM')
[2023-04-22 19:44:19] - INFO - Producer 2 published Coffee(name='Brasil', price=7, acidity=5.09, roast_level='MEDIUM')
[2023-04-22 19:44:19] - INFO - Producer 3 published Tea(name='Wild Cherry', price=4, type='Black')
[2023-04-22 19:44:20] - INFO - Producer 4 published Tea(name='Cactus fig', price=3, type='Green')
[2023-04-22 19:44:20] - INFO - Producer 1 published Tea(name='Wild Cherry', price=4, type='Black')
[2023-04-22 19:44:20] - INFO - Producer 2 published Coffee(name='Brasil', price=7, acidity=5.09, roast_level='MEDIUM')
[2023-04-22 19:44:20] - INFO - Producer 3 published Coffee(name='Indonezia', price=1, acidity=5.05, roast_level='MEDIUM')
[2023-04-22 19:44:20] - INFO - Succesfully added a new product to the cart 20: Tea(name='Cactus fig', price=3, type='Green')
[2023-04-22 19:44:20] - INFO - Succesfully added a new product to the cart 21: Coffee(name='Indonezia', price=1, acidity=5.05, roast_level='MEDIUM')
[2023-04-22 19:44:20] - INFO - Succesfully removed a product from producer 4: Tea(name='Cactus fig', price=3, type='Green')
[2023-04-22 19:44:20] - INFO - Succesfully removed a product from producer 3: Coffee(name='Indonezia', price=1, acidity=5.05, roast_level='MEDIUM')
[2023-04-22 19:44:20] - INFO - Succesfully added a new product to the cart 21: Coffee(name='Brasil', price=7, acidity=5.09, roast_level='MEDIUM')
[2023-04-22 19:44:20] - INFO - Succesfully removed a product from producer 2: Coffee(name='Brasil', price=7, acidity=5.09, roast_level='MEDIUM')
[2023-04-22 19:44:20] - INFO - Succesfully added a new product to the cart 21: Coffee(name='Brasil', price=7, acidity=5.09, roast_level='MEDIUM')
[2023-04-22 19:44:20] - INFO - Succesfully removed a product from producer 2: Coffee(name='Brasil', price=7, acidity=5.09, roast_level='MEDIUM')
[2023-04-22 19:44:20] - INFO - Succesfully added a new product to the cart 21: Coffee(name='Brasil', price=7, acidity=5.09, roast_level='MEDIUM')
[2023-04-22 19:44:20] - INFO - Succesfully removed a product from producer 2: Coffee(name='Brasil', price=7, acidity=5.09, roast_level='MEDIUM')
[2023-04-22 19:44:20] - INFO - Succesfully added a new product to the cart 21: Coffee(name='Brasil', price=7, acidity=5.09, roast_level='MEDIUM')
[2023-04-22 19:44:20] - INFO - Succesfully removed a product from producer 2: Coffee(name='Brasil', price=7, acidity=5.09, roast_level='MEDIUM')
[2023-04-22 19:44:20] - INFO - Succesfully added a new product to the cart 21: Coffee(name='Brasil', price=7, acidity=5.09, roast_level='MEDIUM')
[2023-04-22 19:44:20] - INFO - Succesfully removed a product from producer 2: Coffee(name='Brasil', price=7, acidity=5.09, roast_level='MEDIUM')
[2023-04-22 19:44:20] - INFO - Producer 2 published Coffee(name='Ethiopia', price=10, acidity=5.09, roast_level='MEDIUM')
[2023-04-22 19:44:20] - INFO - Producer 0 published Coffee(name='Brasil', price=7, acidity=5.09, roast_level='MEDIUM')
[2023-04-22 19:44:20] - INFO - Producer 3 published Coffee(name='Indonezia', price=1, acidity=5.05, roast_level='MEDIUM')
[2023-04-22 19:44:20] - INFO - Producer 1 published Tea(name='Wild Cherry', price=4, type='Black')
[2023-04-22 19:44:20] - INFO - Producer 2 published Coffee(name='Ethiopia', price=10, acidity=5.09, roast_level='MEDIUM')
[2023-04-22 19:44:20] - INFO - Producer 3 published Coffee(name='Indonezia', price=1, acidity=5.05, roast_level='MEDIUM')
[2023-04-22 19:44:20] - INFO - Producer 4 published Tea(name='Cactus fig', price=3, type='Green')
[2023-04-22 19:44:20] - INFO - Succesfully added a new product to the cart 20: Tea(name='Cactus fig', price=3, type='Green')
[2023-04-22 19:44:20] - INFO - Succesfully removed a product from producer 4: Tea(name='Cactus fig', price=3, type='Green')
[2023-04-22 19:44:20] - INFO - Succesfully removed product Tea(name='Cactus fig', price=3, type='Green') from cart 20
[2023-04-22 19:44:20] - INFO - Succesfully removed product Tea(name='Cactus fig', price=3, type='Green') from cart 20
[2023-04-22 19:44:20] - INFO - Succesfully removed product Tea(name='Cactus fig', price=3, type='Green') from cart 20
[2023-04-22 19:44:20] - INFO - The order placed [Tea(name='Cactus fig', price=3, type='Green')] from cart with id: 20
[2023-04-22 19:44:20] - INFO - Created new cart with id: 22
[2023-04-22 19:44:20] - INFO - Succesfully added a new product to the cart 22: Coffee(name='Indonezia', price=1, acidity=5.05, roast_level='MEDIUM')
[2023-04-22 19:44:20] - INFO - Succesfully removed a product from producer 3: Coffee(name='Indonezia', price=1, acidity=5.05, roast_level='MEDIUM')
[2023-04-22 19:44:20] - INFO - Succesfully added a new product to the cart 22: Coffee(name='Indonezia', price=1, acidity=5.05, roast_level='MEDIUM')
[2023-04-22 19:44:20] - INFO - Succesfully removed a product from producer 3: Coffee(name='Indonezia', price=1, acidity=5.05, roast_level='MEDIUM')
[2023-04-22 19:44:20] - INFO - Succesfully added a new product to the cart 21: Tea(name='Cactus fig', price=3, type='Green')
[2023-04-22 19:44:20] - INFO - Succesfully removed a product from producer 4: Tea(name='Cactus fig', price=3, type='Green')
[2023-04-22 19:44:20] - INFO - Succesfully added a new product to the cart 21: Tea(name='Cactus fig', price=3, type='Green')
[2023-04-22 19:44:20] - INFO - Succesfully removed a product from producer 4: Tea(name='Cactus fig', price=3, type='Green')
[2023-04-22 19:44:20] - INFO - Succesfully added a new product to the cart 21: Tea(name='Cactus fig', price=3, type='Green')
[2023-04-22 19:44:20] - INFO - Succesfully removed a product from producer 4: Tea(name='Cactus fig', price=3, type='Green')
[2023-04-22 19:44:20] - INFO - The order placed [Coffee(name='Indonezia', price=1, acidity=5.05, roast_level='MEDIUM'), Coffee(name='Indonezia', price=1, acidity=5.05, roast_level='MEDIUM'), Coffee(name='Indonezia', price=1, acidity=5.05, roast_level='MEDIUM'), Coffee(name='Brasil', price=7, acidity=5.09, roast_level='MEDIUM'), Coffee(name='Brasil', price=7, acidity=5.09, roast_level='MEDIUM'), Coffee(name='Brasil', price=7, acidity=5.09, roast_level='MEDIUM'), Coffee(name='Brasil', price=7, acidity=5.09, roast_level='MEDIUM'), Coffee(name='Brasil', price=7, acidity=5.09, roast_level='MEDIUM'), Tea(name='Cactus fig', price=3, type='Green'), Tea(name='Cactus fig', price=3, type='Green'), Tea(name='Cactus fig', price=3, type='Green')] from cart with id: 21
[2023-04-22 19:44:20] - INFO - Producer 2 published Coffee(name='Ethiopia', price=10, acidity=5.09, roast_level='MEDIUM')
[2023-04-22 19:44:20] - INFO - Producer 3 published Tea(name='Wild Cherry', price=4, type='Black')
[2023-04-22 19:44:20] - INFO - Producer 1 published Tea(name='Wild Cherry', price=4, type='Black')
[2023-04-22 19:44:20] - INFO - Producer 0 published Coffee(name='Brasil', price=7, acidity=5.09, roast_level='MEDIUM')
[2023-04-22 19:44:20] - INFO - Producer 3 published Coffee(name='Indonezia', price=1, acidity=5.05, roast_level='MEDIUM')
[2023-04-22 19:44:20] - INFO - Succesfully added a new product to the cart 22: Coffee(name='Indonezia', price=1, acidity=5.05, roast_level='MEDIUM')
[2023-04-22 19:44:20] - INFO - Succesfully removed a product from producer 3: Coffee(name='Indonezia', price=1, acidity=5.05, roast_level='MEDIUM')
[2023-04-22 19:44:20] - INFO - Producer 2 published Tea(name='Cactus fig', price=3, type='Green')
[2023-04-22 19:44:20] - INFO - Succesfully added a new product to the cart 18: Tea(name='Cactus fig', price=3, type='Green')
[2023-04-22 19:44:20] - INFO - Succesfully removed a product from producer 2: Tea(name='Cactus fig', price=3, type='Green')
